<?xml version="1.0" encoding="UTF-8"?>
<!-- Generated by org.testng.reporters.JUnitReportReporter -->
<testsuite skipped="0" hostname="Shreyata" name="Selenium.GetAttribute" tests="1" failures="0" timestamp="03 Sep 2018 21:30:52 GMT" time="0.580" errors="0">
  <testcase name="Login" time="0.580" classname="Selenium.GetAttribute"/>
</testsuite> <!-- Selenium.GetAttribute -->
