<?xml version="1.0" encoding="UTF-8"?>
<!-- Generated by org.testng.reporters.JUnitReportReporter -->
<testsuite skipped="0" hostname="Shreyata" name="TestAutomation.LoginWithTestNG" tests="1" failures="0" timestamp="02 Oct 2018 19:54:36 GMT" time="46.607" errors="0">
  <testcase name="Login" time="46.607" classname="TestAutomation.LoginWithTestNG"/>
</testsuite> <!-- TestAutomation.LoginWithTestNG -->
