<?xml version="1.0" encoding="UTF-8"?>
<!-- Generated by org.testng.reporters.JUnitReportReporter -->
<testsuite skipped="1" hostname="Shreyata" name="TestAutomation.TestNGTestCase" tests="3" failures="0" timestamp="07 May 2017 19:39:24 GMT" time="0.014" errors="0">
  <testcase name="testCase3" time="0.011" classname="TestAutomation.TestNGTestCase"/>
  <testcase name="testCase1" time="0.003" classname="TestAutomation.TestNGTestCase"/>
  <testcase name="testCase2" classname="TestAutomation.TestNGTestCase">
    <skipped/>
  </testcase> <!-- testCase2 -->
</testsuite> <!-- TestAutomation.TestNGTestCase -->
