<?xml version="1.0" encoding="UTF-8"?>
<!-- Generated by org.testng.reporters.JUnitReportReporter -->
<testsuite skipped="0" hostname="Shreyata" name="TestAutomation.ScreenshootGoogle" tests="1" failures="0" timestamp="08 May 2017 02:19:45 GMT" time="9.652" errors="0">
  <testcase name="TestJavaS1" time="9.652" classname="TestAutomation.ScreenshootGoogle"/>
</testsuite> <!-- TestAutomation.ScreenshootGoogle -->
